2023-09-24 19:09:56,339 [main.py         | 51] INFO: Start to run instance_1
2023-09-24 19:09:56,341 [simulate_api.py | 60] INFO: Start time of the simulator: 2023-09-24 00:00:00, time interval:  600.00
2023-09-24 19:09:56,345 [input_utils.py  | 48] INFO: Get 154 factories
2023-09-24 19:09:56,839 [input_utils.py  | 52] INFO: Get 23562 routes
2023-09-24 19:09:56,850 [input_utils.py  | 57] INFO: Get 5 vehicles
2023-09-24 19:09:56,854 [input_utils.py  | 61] INFO: Get 50 orders
2023-09-24 19:09:56,854 [simulate_api.py | 87] INFO: Initial position of V_1 is e2d5093fbe36431f8986ddb0e1c586be
2023-09-24 19:09:56,854 [simulate_api.py | 87] INFO: Initial position of V_2 is 7fe14b93f0f04ee7a994ef5b2c1fdb72
2023-09-24 19:09:56,854 [simulate_api.py | 87] INFO: Initial position of V_3 is fa366fc87a124d32926daa5bb093129f
2023-09-24 19:09:56,854 [simulate_api.py | 87] INFO: Initial position of V_4 is e47399648fa842b2b8f80094343d8091
2023-09-24 19:09:56,854 [simulate_api.py | 87] INFO: Initial position of V_5 is becb4f85393540b287e7329758b8d832
2023-09-24 19:09:56,854 [simulate_environment.py | 101] INFO: **************************************************
2023-09-24 19:09:56,854 [simulate_environment.py | 105] INFO: cur time: 2023-09-24 00:10:00, pre time: 2023-09-24 00:00:00
2023-09-24 19:09:56,854 [simulate_environment.py | 187] INFO: Start to update the input of 2023-09-24 00:10:00
2023-09-24 19:09:56,854 [simulate_environment.py | 214] INFO: Get 1 unallocated order items, 0 ongoing order items, 0 completed order items
2023-09-24 19:09:57,146 [simulate_environment.py | 302] INFO: 2023-09-24 00:10:00, Item 0003480001-1: state = 1 < 2, we can not finish the simulation
2023-09-24 19:09:57,146 [simulate_environment.py | 101] INFO: **************************************************
2023-09-24 19:09:57,146 [simulate_environment.py | 105] INFO: cur time: 2023-09-24 00:20:00, pre time: 2023-09-24 00:10:00
2023-09-24 19:09:57,146 [simulate_environment.py | 187] INFO: Start to update the input of 2023-09-24 00:20:00
2023-09-24 19:09:57,147 [simulate_environment.py | 214] INFO: Get 3 unallocated order items, 0 ongoing order items, 0 completed order items
2023-09-24 19:09:57,458 [simulate_environment.py | 302] INFO: 2023-09-24 00:20:00, Item 0003480001-1: state = 1 < 2, we can not finish the simulation
2023-09-24 19:09:57,458 [simulate_environment.py | 101] INFO: **************************************************
2023-09-24 19:09:57,458 [simulate_environment.py | 105] INFO: cur time: 2023-09-24 00:30:00, pre time: 2023-09-24 00:20:00
2023-09-24 19:09:57,458 [simulate_environment.py | 187] INFO: Start to update the input of 2023-09-24 00:30:00
2023-09-24 19:09:57,459 [simulate_environment.py | 214] INFO: Get 2 unallocated order items, 1 ongoing order items, 0 completed order items
2023-09-24 19:09:57,723 [simulate_environment.py | 302] INFO: 2023-09-24 00:30:00, Item 0003480001-1: state = 1 < 2, we can not finish the simulation
2023-09-24 19:09:57,724 [simulate_environment.py | 101] INFO: **************************************************
2023-09-24 19:09:57,724 [simulate_environment.py | 105] INFO: cur time: 2023-09-24 00:40:00, pre time: 2023-09-24 00:30:00
2023-09-24 19:09:57,724 [simulate_environment.py | 187] INFO: Start to update the input of 2023-09-24 00:40:00
2023-09-24 19:09:57,724 [simulate_environment.py | 214] INFO: Get 8 unallocated order items, 1 ongoing order items, 0 completed order items
2023-09-24 19:09:57,970 [simulate_environment.py | 302] INFO: 2023-09-24 00:40:00, Item 0003480001-1: state = 1 < 2, we can not finish the simulation
2023-09-24 19:09:57,970 [simulate_environment.py | 101] INFO: **************************************************
2023-09-24 19:09:57,970 [simulate_environment.py | 105] INFO: cur time: 2023-09-24 00:50:00, pre time: 2023-09-24 00:40:00
2023-09-24 19:09:57,970 [simulate_environment.py | 187] INFO: Start to update the input of 2023-09-24 00:50:00
2023-09-24 19:09:57,971 [simulate_environment.py | 214] INFO: Get 5 unallocated order items, 4 ongoing order items, 0 completed order items
2023-09-24 19:09:58,267 [simulate_environment.py | 302] INFO: 2023-09-24 00:50:00, Item 0003480001-1: state = 1 < 2, we can not finish the simulation
2023-09-24 19:09:58,268 [simulate_environment.py | 101] INFO: **************************************************
2023-09-24 19:09:58,268 [simulate_environment.py | 105] INFO: cur time: 2023-09-24 01:00:00, pre time: 2023-09-24 00:50:00
2023-09-24 19:09:58,268 [simulate_environment.py | 187] INFO: Start to update the input of 2023-09-24 01:00:00
2023-09-24 19:09:58,269 [simulate_environment.py | 214] INFO: Get 5 unallocated order items, 3 ongoing order items, 1 completed order items
2023-09-24 19:09:58,579 [simulate_environment.py | 302] INFO: 2023-09-24 01:00:00, Item 0003480001-1: state = 1 < 2, we can not finish the simulation
2023-09-24 19:09:58,579 [simulate_environment.py | 101] INFO: **************************************************
2023-09-24 19:09:58,579 [simulate_environment.py | 105] INFO: cur time: 2023-09-24 01:10:00, pre time: 2023-09-24 01:00:00
2023-09-24 19:09:58,579 [simulate_environment.py | 187] INFO: Start to update the input of 2023-09-24 01:10:00
2023-09-24 19:09:58,580 [simulate_environment.py | 214] INFO: Get 5 unallocated order items, 3 ongoing order items, 1 completed order items
2023-09-24 19:09:58,826 [simulate_environment.py | 302] INFO: 2023-09-24 01:10:00, Item 0003480001-1: state = 1 < 2, we can not finish the simulation
2023-09-24 19:09:58,827 [simulate_environment.py | 101] INFO: **************************************************
2023-09-24 19:09:58,827 [simulate_environment.py | 105] INFO: cur time: 2023-09-24 01:20:00, pre time: 2023-09-24 01:10:00
2023-09-24 19:09:58,827 [simulate_environment.py | 187] INFO: Start to update the input of 2023-09-24 01:20:00
2023-09-24 19:09:58,827 [simulate_environment.py | 214] INFO: Get 5 unallocated order items, 3 ongoing order items, 1 completed order items
2023-09-24 19:09:59,135 [simulate_environment.py | 302] INFO: 2023-09-24 01:20:00, Item 0003480001-1: state = 1 < 2, we can not finish the simulation
2023-09-24 19:09:59,135 [simulate_environment.py | 101] INFO: **************************************************
2023-09-24 19:09:59,135 [simulate_environment.py | 105] INFO: cur time: 2023-09-24 01:30:00, pre time: 2023-09-24 01:20:00
2023-09-24 19:09:59,135 [simulate_environment.py | 187] INFO: Start to update the input of 2023-09-24 01:30:00
2023-09-24 19:09:59,136 [simulate_environment.py | 214] INFO: Get 5 unallocated order items, 3 ongoing order items, 1 completed order items
2023-09-24 19:09:59,483 [simulate_environment.py | 302] INFO: 2023-09-24 01:30:00, Item 0003480001-1: state = 1 < 2, we can not finish the simulation
2023-09-24 19:09:59,484 [simulate_environment.py | 101] INFO: **************************************************
2023-09-24 19:09:59,484 [simulate_environment.py | 105] INFO: cur time: 2023-09-24 01:40:00, pre time: 2023-09-24 01:30:00
2023-09-24 19:09:59,484 [simulate_environment.py | 187] INFO: Start to update the input of 2023-09-24 01:40:00
2023-09-24 19:09:59,485 [simulate_environment.py | 214] INFO: Get 4 unallocated order items, 4 ongoing order items, 1 completed order items
2023-09-24 19:09:59,792 [simulate_environment.py | 302] INFO: 2023-09-24 01:40:00, Item 0012230002-1: state = 1 < 2, we can not finish the simulation
2023-09-24 19:09:59,792 [simulate_environment.py | 101] INFO: **************************************************
2023-09-24 19:09:59,792 [simulate_environment.py | 105] INFO: cur time: 2023-09-24 01:50:00, pre time: 2023-09-24 01:40:00
2023-09-24 19:09:59,792 [simulate_environment.py | 187] INFO: Start to update the input of 2023-09-24 01:50:00
2023-09-24 19:09:59,793 [simulate_environment.py | 214] INFO: Get 1 unallocated order items, 4 ongoing order items, 4 completed order items
