2023-09-24 17:18:39,254 [main.py         | 51] INFO: Start to run instance_1
2023-09-24 17:18:39,255 [simulate_api.py | 60] INFO: Start time of the simulator: 2023-09-24 00:00:00, time interval:  600.00
2023-09-24 17:18:39,259 [input_utils.py  | 48] INFO: Get 154 factories
2023-09-24 17:18:39,739 [input_utils.py  | 52] INFO: Get 23562 routes
2023-09-24 17:18:39,750 [input_utils.py  | 57] INFO: Get 5 vehicles
2023-09-24 17:18:39,753 [input_utils.py  | 61] INFO: Get 50 orders
2023-09-24 17:18:39,753 [simulate_api.py | 87] INFO: Initial position of V_1 is e2d5093fbe36431f8986ddb0e1c586be
2023-09-24 17:18:39,753 [simulate_api.py | 87] INFO: Initial position of V_2 is 7fe14b93f0f04ee7a994ef5b2c1fdb72
2023-09-24 17:18:39,753 [simulate_api.py | 87] INFO: Initial position of V_3 is fa366fc87a124d32926daa5bb093129f
2023-09-24 17:18:39,753 [simulate_api.py | 87] INFO: Initial position of V_4 is e47399648fa842b2b8f80094343d8091
2023-09-24 17:18:39,753 [simulate_api.py | 87] INFO: Initial position of V_5 is becb4f85393540b287e7329758b8d832
2023-09-24 17:18:39,753 [simulate_environment.py | 101] INFO: **************************************************
2023-09-24 17:18:39,753 [simulate_environment.py | 105] INFO: cur time: 2023-09-24 00:10:00, pre time: 2023-09-24 00:00:00
2023-09-24 17:18:39,753 [simulate_environment.py | 187] INFO: Start to update the input of 2023-09-24 00:10:00
2023-09-24 17:18:39,753 [simulate_environment.py | 214] INFO: Get 1 unallocated order items, 0 ongoing order items, 0 completed order items
2023-09-24 17:18:40,015 [simulate_environment.py | 302] INFO: 2023-09-24 00:10:00, Item 0003480001-1: state = 1 < 2, we can not finish the simulation
2023-09-24 17:18:40,015 [simulate_environment.py | 101] INFO: **************************************************
2023-09-24 17:18:40,015 [simulate_environment.py | 105] INFO: cur time: 2023-09-24 00:20:00, pre time: 2023-09-24 00:10:00
2023-09-24 17:18:40,015 [simulate_environment.py | 187] INFO: Start to update the input of 2023-09-24 00:20:00
2023-09-24 17:18:40,016 [simulate_environment.py | 214] INFO: Get 3 unallocated order items, 0 ongoing order items, 0 completed order items
2023-09-24 17:18:40,268 [simulate_environment.py | 302] INFO: 2023-09-24 00:20:00, Item 0003480001-1: state = 1 < 2, we can not finish the simulation
2023-09-24 17:18:40,268 [simulate_environment.py | 101] INFO: **************************************************
2023-09-24 17:18:40,268 [simulate_environment.py | 105] INFO: cur time: 2023-09-24 00:30:00, pre time: 2023-09-24 00:20:00
2023-09-24 17:18:40,269 [simulate_environment.py | 187] INFO: Start to update the input of 2023-09-24 00:30:00
2023-09-24 17:18:40,269 [simulate_environment.py | 214] INFO: Get 3 unallocated order items, 0 ongoing order items, 0 completed order items
2023-09-24 17:18:40,515 [simulate_environment.py | 302] INFO: 2023-09-24 00:30:00, Item 0003480001-1: state = 1 < 2, we can not finish the simulation
2023-09-24 17:18:40,515 [simulate_environment.py | 101] INFO: **************************************************
2023-09-24 17:18:40,515 [simulate_environment.py | 105] INFO: cur time: 2023-09-24 00:40:00, pre time: 2023-09-24 00:30:00
2023-09-24 17:18:40,515 [simulate_environment.py | 187] INFO: Start to update the input of 2023-09-24 00:40:00
2023-09-24 17:18:40,516 [simulate_environment.py | 214] INFO: Get 9 unallocated order items, 0 ongoing order items, 0 completed order items
2023-09-24 17:18:40,762 [simulate_environment.py | 302] INFO: 2023-09-24 00:40:00, Item 0003480001-1: state = 1 < 2, we can not finish the simulation
2023-09-24 17:18:40,762 [simulate_environment.py | 101] INFO: **************************************************
2023-09-24 17:18:40,762 [simulate_environment.py | 105] INFO: cur time: 2023-09-24 00:50:00, pre time: 2023-09-24 00:40:00
2023-09-24 17:18:40,762 [simulate_environment.py | 187] INFO: Start to update the input of 2023-09-24 00:50:00
2023-09-24 17:18:40,763 [simulate_environment.py | 214] INFO: Get 9 unallocated order items, 0 ongoing order items, 0 completed order items
2023-09-24 17:18:41,016 [simulate_environment.py | 302] INFO: 2023-09-24 00:50:00, Item 0003480001-1: state = 1 < 2, we can not finish the simulation
2023-09-24 17:18:41,017 [simulate_environment.py | 101] INFO: **************************************************
2023-09-24 17:18:41,017 [simulate_environment.py | 105] INFO: cur time: 2023-09-24 01:00:00, pre time: 2023-09-24 00:50:00
2023-09-24 17:18:41,017 [simulate_environment.py | 187] INFO: Start to update the input of 2023-09-24 01:00:00
2023-09-24 17:18:41,017 [simulate_environment.py | 214] INFO: Get 9 unallocated order items, 0 ongoing order items, 0 completed order items
2023-09-24 17:18:41,326 [simulate_environment.py | 302] INFO: 2023-09-24 01:00:00, Item 0003480001-1: state = 1 < 2, we can not finish the simulation
2023-09-24 17:18:41,326 [simulate_environment.py | 101] INFO: **************************************************
2023-09-24 17:18:41,326 [simulate_environment.py | 105] INFO: cur time: 2023-09-24 01:10:00, pre time: 2023-09-24 01:00:00
2023-09-24 17:18:41,326 [simulate_environment.py | 187] INFO: Start to update the input of 2023-09-24 01:10:00
2023-09-24 17:18:41,327 [simulate_environment.py | 214] INFO: Get 9 unallocated order items, 0 ongoing order items, 0 completed order items
2023-09-24 17:18:41,572 [simulate_environment.py | 302] INFO: 2023-09-24 01:10:00, Item 0003480001-1: state = 1 < 2, we can not finish the simulation
2023-09-24 17:18:41,572 [simulate_environment.py | 101] INFO: **************************************************
2023-09-24 17:18:41,572 [simulate_environment.py | 105] INFO: cur time: 2023-09-24 01:20:00, pre time: 2023-09-24 01:10:00
2023-09-24 17:18:41,572 [simulate_environment.py | 187] INFO: Start to update the input of 2023-09-24 01:20:00
2023-09-24 17:18:41,573 [simulate_environment.py | 214] INFO: Get 9 unallocated order items, 0 ongoing order items, 0 completed order items
2023-09-24 17:18:41,885 [simulate_environment.py | 302] INFO: 2023-09-24 01:20:00, Item 0003480001-1: state = 1 < 2, we can not finish the simulation
2023-09-24 17:18:41,885 [simulate_environment.py | 101] INFO: **************************************************
2023-09-24 17:18:41,885 [simulate_environment.py | 105] INFO: cur time: 2023-09-24 01:30:00, pre time: 2023-09-24 01:20:00
2023-09-24 17:18:41,885 [simulate_environment.py | 187] INFO: Start to update the input of 2023-09-24 01:30:00
2023-09-24 17:18:41,886 [simulate_environment.py | 214] INFO: Get 9 unallocated order items, 0 ongoing order items, 0 completed order items
2023-09-24 17:18:42,182 [simulate_environment.py | 302] INFO: 2023-09-24 01:30:00, Item 0003480001-1: state = 1 < 2, we can not finish the simulation
2023-09-24 17:18:42,182 [simulate_environment.py | 101] INFO: **************************************************
2023-09-24 17:18:42,182 [simulate_environment.py | 105] INFO: cur time: 2023-09-24 01:40:00, pre time: 2023-09-24 01:30:00
2023-09-24 17:18:42,183 [simulate_environment.py | 187] INFO: Start to update the input of 2023-09-24 01:40:00
2023-09-24 17:18:42,184 [simulate_environment.py | 214] INFO: Get 9 unallocated order items, 0 ongoing order items, 0 completed order items
2023-09-24 17:18:42,437 [simulate_environment.py | 302] INFO: 2023-09-24 01:40:00, Item 0003480001-1: state = 1 < 2, we can not finish the simulation
2023-09-24 17:18:42,437 [simulate_environment.py | 101] INFO: **************************************************
2023-09-24 17:18:42,437 [simulate_environment.py | 105] INFO: cur time: 2023-09-24 01:50:00, pre time: 2023-09-24 01:40:00
2023-09-24 17:18:42,437 [simulate_environment.py | 187] INFO: Start to update the input of 2023-09-24 01:50:00
2023-09-24 17:18:42,438 [simulate_environment.py | 214] INFO: Get 9 unallocated order items, 0 ongoing order items, 0 completed order items
2023-09-24 17:18:42,731 [simulate_environment.py | 302] INFO: 2023-09-24 01:50:00, Item 0003480001-1: state = 1 < 2, we can not finish the simulation
2023-09-24 17:18:42,731 [simulate_environment.py | 101] INFO: **************************************************
2023-09-24 17:18:42,731 [simulate_environment.py | 105] INFO: cur time: 2023-09-24 02:00:00, pre time: 2023-09-24 01:50:00
2023-09-24 17:18:42,731 [simulate_environment.py | 187] INFO: Start to update the input of 2023-09-24 02:00:00
2023-09-24 17:18:42,732 [simulate_environment.py | 214] INFO: Get 9 unallocated order items, 0 ongoing order items, 0 completed order items
2023-09-24 17:18:43,038 [simulate_environment.py | 302] INFO: 2023-09-24 02:00:00, Item 0003480001-1: state = 1 < 2, we can not finish the simulation
2023-09-24 17:18:43,038 [simulate_environment.py | 101] INFO: **************************************************
2023-09-24 17:18:43,038 [simulate_environment.py | 105] INFO: cur time: 2023-09-24 02:10:00, pre time: 2023-09-24 02:00:00
2023-09-24 17:18:43,038 [simulate_environment.py | 187] INFO: Start to update the input of 2023-09-24 02:10:00
2023-09-24 17:18:43,039 [simulate_environment.py | 214] INFO: Get 10 unallocated order items, 0 ongoing order items, 0 completed order items
2023-09-24 17:18:43,342 [simulate_environment.py | 302] INFO: 2023-09-24 02:10:00, Item 0003480001-1: state = 1 < 2, we can not finish the simulation
2023-09-24 17:18:43,342 [simulate_environment.py | 101] INFO: **************************************************
2023-09-24 17:18:43,342 [simulate_environment.py | 105] INFO: cur time: 2023-09-24 02:20:00, pre time: 2023-09-24 02:10:00
2023-09-24 17:18:43,342 [simulate_environment.py | 187] INFO: Start to update the input of 2023-09-24 02:20:00
2023-09-24 17:18:43,343 [simulate_environment.py | 214] INFO: Get 10 unallocated order items, 0 ongoing order items, 0 completed order items
2023-09-24 17:18:43,593 [simulate_environment.py | 302] INFO: 2023-09-24 02:20:00, Item 0003480001-1: state = 1 < 2, we can not finish the simulation
2023-09-24 17:18:43,594 [simulate_environment.py | 101] INFO: **************************************************
2023-09-24 17:18:43,594 [simulate_environment.py | 105] INFO: cur time: 2023-09-24 02:30:00, pre time: 2023-09-24 02:20:00
2023-09-24 17:18:43,594 [simulate_environment.py | 187] INFO: Start to update the input of 2023-09-24 02:30:00
2023-09-24 17:18:43,594 [simulate_environment.py | 214] INFO: Get 10 unallocated order items, 0 ongoing order items, 0 completed order items
2023-09-24 17:18:43,895 [simulate_environment.py | 302] INFO: 2023-09-24 02:30:00, Item 0003480001-1: state = 1 < 2, we can not finish the simulation
2023-09-24 17:18:43,895 [simulate_environment.py | 101] INFO: **************************************************
2023-09-24 17:18:43,895 [simulate_environment.py | 105] INFO: cur time: 2023-09-24 02:40:00, pre time: 2023-09-24 02:30:00
2023-09-24 17:18:43,895 [simulate_environment.py | 187] INFO: Start to update the input of 2023-09-24 02:40:00
2023-09-24 17:18:43,896 [simulate_environment.py | 214] INFO: Get 7 unallocated order items, 4 ongoing order items, 0 completed order items
2023-09-24 17:18:44,245 [simulate_environment.py | 294] ERROR: 2023-09-24 17:18:44,173 [main_algorithm.py | 31] ERROR: Failed to run algorithm
2023-09-24 17:18:44,173 [main_algorithm.py | 32] ERROR: Error: 'NoneType' object has no attribute 'load_time', Traceback (most recent call last):
  File "/Users/wangqianlong/Desktop/personal/github/xingtian/simulator/dpdp_competition/main_algorithm.py", line 28, in <module>
    scheduling()
  File "/Users/wangqianlong/Desktop/personal/github/xingtian/simulator/dpdp_competition/algorithm/algorithm_demo.py", line 230, in scheduling
    id_to_factory, id_to_unallocated_order_item, id_to_ongoing_order_item, id_to_vehicle = __read_input_json()
  File "/Users/wangqianlong/Desktop/personal/github/xingtian/simulator/dpdp_competition/algorithm/algorithm_demo.py", line 260, in __read_input_json
    id_to_vehicle = get_vehicle_instance_dict(vehicle_infos, id_to_order_item, id_to_factory)
  File "/Users/wangqianlong/Desktop/personal/github/xingtian/simulator/dpdp_competition/src/utils/json_tools.py", line 183, in get_vehicle_instance_dict
    destination = __get_destination(destination, id_to_factory, id_to_order_item)
  File "/Users/wangqianlong/Desktop/personal/github/xingtian/simulator/dpdp_competition/src/utils/json_tools.py", line 211, in __get_destination
    return Node(factory_id, factory.lng, factory.lat, pickup_items, delivery_items, arr_time, leave_time)
  File "/Users/wangqianlong/Desktop/personal/github/xingtian/simulator/dpdp_competition/src/common/node.py", line 41, in __init__
    self.__loading_time = self.calculate_loading_time()
  File "/Users/wangqianlong/Desktop/personal/github/xingtian/simulator/dpdp_competition/src/common/node.py", line 59, in calculate_loading_time
    loading_time += item.load_time
AttributeError: 'NoneType' object has no attribute 'load_time'

FAIL

2023-09-24 17:18:44,245 [simulate_environment.py | 295] ERROR: Can not catch the 'SUCCESS' from the algorithm. 未寻获算法输出成功标识'SUCCESS'。
2023-09-24 17:18:44,245 [main.py         | 85] ERROR: Failed to run simulator
2023-09-24 17:18:44,247 [main.py         | 86] ERROR: Error: cannot unpack non-iterable NoneType object, Traceback (most recent call last):
  File "/Users/wangqianlong/Desktop/personal/github/xingtian/simulator/dpdp_competition/main.py", line 80, in <module>
    score = train(Configs.factory_info_file, Configs.route_info_file, instance, agent, replay_buffer,
  File "/Users/wangqianlong/Desktop/personal/github/xingtian/simulator/dpdp_competition/src/simulator/simulate_api.py", line 106, in train
    simulate_env.run(agent)
  File "/Users/wangqianlong/Desktop/personal/github/xingtian/simulator/dpdp_competition/src/simulator/simulate_environment.py", line 153, in run
    used_seconds, dispatch_result = self.dispatch(updated_input_info)
TypeError: cannot unpack non-iterable NoneType object

