2023-09-24 16:57:14,526 [main.py         | 51] INFO: Start to run instance_1
2023-09-24 16:57:14,527 [simulate_api.py | 60] INFO: Start time of the simulator: 2023-09-24 00:00:00, time interval:  600.00
2023-09-24 16:57:14,531 [input_utils.py  | 48] INFO: Get 154 factories
2023-09-24 16:57:15,017 [input_utils.py  | 52] INFO: Get 23562 routes
2023-09-24 16:57:15,028 [input_utils.py  | 57] INFO: Get 5 vehicles
2023-09-24 16:57:15,031 [input_utils.py  | 61] INFO: Get 50 orders
2023-09-24 16:57:15,031 [simulate_api.py | 87] INFO: Initial position of V_1 is e2d5093fbe36431f8986ddb0e1c586be
2023-09-24 16:57:15,031 [simulate_api.py | 87] INFO: Initial position of V_2 is 7fe14b93f0f04ee7a994ef5b2c1fdb72
2023-09-24 16:57:15,031 [simulate_api.py | 87] INFO: Initial position of V_3 is fa366fc87a124d32926daa5bb093129f
2023-09-24 16:57:15,031 [simulate_api.py | 87] INFO: Initial position of V_4 is e47399648fa842b2b8f80094343d8091
2023-09-24 16:57:15,031 [simulate_api.py | 87] INFO: Initial position of V_5 is becb4f85393540b287e7329758b8d832
2023-09-24 16:57:15,031 [simulate_environment.py | 100] INFO: **************************************************
2023-09-24 16:57:15,031 [simulate_environment.py | 104] INFO: cur time: 2023-09-24 00:10:00, pre time: 2023-09-24 00:00:00
2023-09-24 16:57:15,031 [simulate_environment.py | 182] INFO: Start to update the input of 2023-09-24 00:10:00
2023-09-24 16:57:15,032 [simulate_environment.py | 209] INFO: Get 1 unallocated order items, 0 ongoing order items, 0 completed order items
2023-09-24 16:57:15,297 [simulate_environment.py | 297] INFO: 2023-09-24 00:10:00, Item 0003480001-1: state = 1 < 2, we can not finish the simulation
2023-09-24 16:57:15,297 [simulate_environment.py | 100] INFO: **************************************************
2023-09-24 16:57:15,297 [simulate_environment.py | 104] INFO: cur time: 2023-09-24 00:20:00, pre time: 2023-09-24 00:10:00
2023-09-24 16:57:15,297 [simulate_environment.py | 182] INFO: Start to update the input of 2023-09-24 00:20:00
2023-09-24 16:57:15,298 [simulate_environment.py | 209] INFO: Get 3 unallocated order items, 0 ongoing order items, 0 completed order items
2023-09-24 16:57:15,598 [simulate_environment.py | 297] INFO: 2023-09-24 00:20:00, Item 0003480001-1: state = 1 < 2, we can not finish the simulation
2023-09-24 16:57:15,599 [simulate_environment.py | 100] INFO: **************************************************
2023-09-24 16:57:15,599 [simulate_environment.py | 104] INFO: cur time: 2023-09-24 00:30:00, pre time: 2023-09-24 00:20:00
2023-09-24 16:57:15,599 [simulate_environment.py | 182] INFO: Start to update the input of 2023-09-24 00:30:00
2023-09-24 16:57:15,599 [simulate_environment.py | 209] INFO: Get 3 unallocated order items, 0 ongoing order items, 0 completed order items
2023-09-24 16:57:15,844 [simulate_environment.py | 297] INFO: 2023-09-24 00:30:00, Item 0003480001-1: state = 1 < 2, we can not finish the simulation
2023-09-24 16:57:15,844 [simulate_environment.py | 100] INFO: **************************************************
2023-09-24 16:57:15,844 [simulate_environment.py | 104] INFO: cur time: 2023-09-24 00:40:00, pre time: 2023-09-24 00:30:00
2023-09-24 16:57:15,844 [simulate_environment.py | 182] INFO: Start to update the input of 2023-09-24 00:40:00
2023-09-24 16:57:15,845 [simulate_environment.py | 209] INFO: Get 9 unallocated order items, 0 ongoing order items, 0 completed order items
2023-09-24 16:57:16,085 [simulate_environment.py | 297] INFO: 2023-09-24 00:40:00, Item 0003480001-1: state = 1 < 2, we can not finish the simulation
2023-09-24 16:57:16,086 [simulate_environment.py | 100] INFO: **************************************************
2023-09-24 16:57:16,086 [simulate_environment.py | 104] INFO: cur time: 2023-09-24 00:50:00, pre time: 2023-09-24 00:40:00
2023-09-24 16:57:16,086 [simulate_environment.py | 182] INFO: Start to update the input of 2023-09-24 00:50:00
2023-09-24 16:57:16,086 [simulate_environment.py | 209] INFO: Get 9 unallocated order items, 0 ongoing order items, 0 completed order items
2023-09-24 16:57:16,332 [simulate_environment.py | 297] INFO: 2023-09-24 00:50:00, Item 0003480001-1: state = 1 < 2, we can not finish the simulation
2023-09-24 16:57:16,332 [simulate_environment.py | 100] INFO: **************************************************
2023-09-24 16:57:16,332 [simulate_environment.py | 104] INFO: cur time: 2023-09-24 01:00:00, pre time: 2023-09-24 00:50:00
2023-09-24 16:57:16,332 [simulate_environment.py | 182] INFO: Start to update the input of 2023-09-24 01:00:00
2023-09-24 16:57:16,332 [simulate_environment.py | 209] INFO: Get 9 unallocated order items, 0 ongoing order items, 0 completed order items
2023-09-24 16:57:16,632 [simulate_environment.py | 297] INFO: 2023-09-24 01:00:00, Item 0003480001-1: state = 1 < 2, we can not finish the simulation
2023-09-24 16:57:16,632 [simulate_environment.py | 100] INFO: **************************************************
2023-09-24 16:57:16,632 [simulate_environment.py | 104] INFO: cur time: 2023-09-24 01:10:00, pre time: 2023-09-24 01:00:00
2023-09-24 16:57:16,633 [simulate_environment.py | 182] INFO: Start to update the input of 2023-09-24 01:10:00
2023-09-24 16:57:16,633 [simulate_environment.py | 209] INFO: Get 9 unallocated order items, 0 ongoing order items, 0 completed order items
2023-09-24 16:57:16,952 [simulate_environment.py | 297] INFO: 2023-09-24 01:10:00, Item 0003480001-1: state = 1 < 2, we can not finish the simulation
2023-09-24 16:57:16,952 [simulate_environment.py | 100] INFO: **************************************************
2023-09-24 16:57:16,952 [simulate_environment.py | 104] INFO: cur time: 2023-09-24 01:20:00, pre time: 2023-09-24 01:10:00
2023-09-24 16:57:16,952 [simulate_environment.py | 182] INFO: Start to update the input of 2023-09-24 01:20:00
2023-09-24 16:57:16,953 [simulate_environment.py | 209] INFO: Get 9 unallocated order items, 0 ongoing order items, 0 completed order items
2023-09-24 16:57:17,248 [simulate_environment.py | 297] INFO: 2023-09-24 01:20:00, Item 0003480001-1: state = 1 < 2, we can not finish the simulation
2023-09-24 16:57:17,249 [simulate_environment.py | 100] INFO: **************************************************
2023-09-24 16:57:17,249 [simulate_environment.py | 104] INFO: cur time: 2023-09-24 01:30:00, pre time: 2023-09-24 01:20:00
2023-09-24 16:57:17,249 [simulate_environment.py | 182] INFO: Start to update the input of 2023-09-24 01:30:00
2023-09-24 16:57:17,249 [simulate_environment.py | 209] INFO: Get 9 unallocated order items, 0 ongoing order items, 0 completed order items
2023-09-24 16:57:17,500 [simulate_environment.py | 297] INFO: 2023-09-24 01:30:00, Item 0003480001-1: state = 1 < 2, we can not finish the simulation
2023-09-24 16:57:17,501 [simulate_environment.py | 100] INFO: **************************************************
2023-09-24 16:57:17,501 [simulate_environment.py | 104] INFO: cur time: 2023-09-24 01:40:00, pre time: 2023-09-24 01:30:00
2023-09-24 16:57:17,501 [simulate_environment.py | 182] INFO: Start to update the input of 2023-09-24 01:40:00
2023-09-24 16:57:17,502 [simulate_environment.py | 209] INFO: Get 9 unallocated order items, 0 ongoing order items, 0 completed order items
2023-09-24 16:57:17,808 [simulate_environment.py | 297] INFO: 2023-09-24 01:40:00, Item 0003480001-1: state = 1 < 2, we can not finish the simulation
2023-09-24 16:57:17,808 [simulate_environment.py | 100] INFO: **************************************************
2023-09-24 16:57:17,808 [simulate_environment.py | 104] INFO: cur time: 2023-09-24 01:50:00, pre time: 2023-09-24 01:40:00
2023-09-24 16:57:17,808 [simulate_environment.py | 182] INFO: Start to update the input of 2023-09-24 01:50:00
2023-09-24 16:57:17,809 [simulate_environment.py | 209] INFO: Get 9 unallocated order items, 0 ongoing order items, 0 completed order items
2023-09-24 16:57:18,105 [simulate_environment.py | 297] INFO: 2023-09-24 01:50:00, Item 0003480001-1: state = 1 < 2, we can not finish the simulation
2023-09-24 16:57:18,106 [simulate_environment.py | 100] INFO: **************************************************
2023-09-24 16:57:18,106 [simulate_environment.py | 104] INFO: cur time: 2023-09-24 02:00:00, pre time: 2023-09-24 01:50:00
2023-09-24 16:57:18,106 [simulate_environment.py | 182] INFO: Start to update the input of 2023-09-24 02:00:00
2023-09-24 16:57:18,106 [simulate_environment.py | 209] INFO: Get 9 unallocated order items, 0 ongoing order items, 0 completed order items
2023-09-24 16:57:18,398 [simulate_environment.py | 297] INFO: 2023-09-24 02:00:00, Item 0003480001-1: state = 1 < 2, we can not finish the simulation
2023-09-24 16:57:18,398 [simulate_environment.py | 100] INFO: **************************************************
2023-09-24 16:57:18,398 [simulate_environment.py | 104] INFO: cur time: 2023-09-24 02:10:00, pre time: 2023-09-24 02:00:00
2023-09-24 16:57:18,398 [simulate_environment.py | 182] INFO: Start to update the input of 2023-09-24 02:10:00
2023-09-24 16:57:18,399 [simulate_environment.py | 209] INFO: Get 10 unallocated order items, 0 ongoing order items, 0 completed order items
2023-09-24 16:57:18,755 [simulate_environment.py | 297] INFO: 2023-09-24 02:10:00, Item 0003480001-1: state = 1 < 2, we can not finish the simulation
2023-09-24 16:57:18,756 [simulate_environment.py | 100] INFO: **************************************************
2023-09-24 16:57:18,756 [simulate_environment.py | 104] INFO: cur time: 2023-09-24 02:20:00, pre time: 2023-09-24 02:10:00
2023-09-24 16:57:18,756 [simulate_environment.py | 182] INFO: Start to update the input of 2023-09-24 02:20:00
2023-09-24 16:57:18,756 [simulate_environment.py | 209] INFO: Get 10 unallocated order items, 0 ongoing order items, 0 completed order items
2023-09-24 16:57:19,056 [simulate_environment.py | 297] INFO: 2023-09-24 02:20:00, Item 0003480001-1: state = 1 < 2, we can not finish the simulation
2023-09-24 16:57:19,056 [simulate_environment.py | 100] INFO: **************************************************
2023-09-24 16:57:19,056 [simulate_environment.py | 104] INFO: cur time: 2023-09-24 02:30:00, pre time: 2023-09-24 02:20:00
2023-09-24 16:57:19,056 [simulate_environment.py | 182] INFO: Start to update the input of 2023-09-24 02:30:00
2023-09-24 16:57:19,056 [simulate_environment.py | 209] INFO: Get 10 unallocated order items, 0 ongoing order items, 0 completed order items
2023-09-24 16:57:19,352 [simulate_environment.py | 297] INFO: 2023-09-24 02:30:00, Item 0003480001-1: state = 1 < 2, we can not finish the simulation
2023-09-24 16:57:19,352 [simulate_environment.py | 100] INFO: **************************************************
2023-09-24 16:57:19,352 [simulate_environment.py | 104] INFO: cur time: 2023-09-24 02:40:00, pre time: 2023-09-24 02:30:00
2023-09-24 16:57:19,352 [simulate_environment.py | 182] INFO: Start to update the input of 2023-09-24 02:40:00
2023-09-24 16:57:19,353 [simulate_environment.py | 209] INFO: Get 7 unallocated order items, 4 ongoing order items, 0 completed order items
2023-09-24 16:57:19,652 [simulate_environment.py | 289] ERROR: 2023-09-24 16:57:19,571 [main_algorithm.py | 31] ERROR: Failed to run algorithm
2023-09-24 16:57:19,572 [main_algorithm.py | 32] ERROR: Error: 'NoneType' object has no attribute 'load_time', Traceback (most recent call last):
  File "/Users/wangqianlong/Desktop/personal/github/xingtian/simulator/dpdp_competition/main_algorithm.py", line 28, in <module>
    scheduling()
  File "/Users/wangqianlong/Desktop/personal/github/xingtian/simulator/dpdp_competition/algorithm/algorithm_demo.py", line 236, in scheduling
    id_to_factory, id_to_unallocated_order_item, id_to_ongoing_order_item, id_to_vehicle = __read_input_json()
  File "/Users/wangqianlong/Desktop/personal/github/xingtian/simulator/dpdp_competition/algorithm/algorithm_demo.py", line 268, in __read_input_json
    id_to_vehicle = get_vehicle_instance_dict(vehicle_infos, id_to_order_item, id_to_factory)
  File "/Users/wangqianlong/Desktop/personal/github/xingtian/simulator/dpdp_competition/src/utils/json_tools.py", line 183, in get_vehicle_instance_dict
    destination = __get_destination(destination, id_to_factory, id_to_order_item)
  File "/Users/wangqianlong/Desktop/personal/github/xingtian/simulator/dpdp_competition/src/utils/json_tools.py", line 211, in __get_destination
    return Node(factory_id, factory.lng, factory.lat, pickup_items, delivery_items, arr_time, leave_time)
  File "/Users/wangqianlong/Desktop/personal/github/xingtian/simulator/dpdp_competition/src/common/node.py", line 41, in __init__
    self.__loading_time = self.calculate_loading_time()
  File "/Users/wangqianlong/Desktop/personal/github/xingtian/simulator/dpdp_competition/src/common/node.py", line 59, in calculate_loading_time
    loading_time += item.load_time
AttributeError: 'NoneType' object has no attribute 'load_time'

FAIL

2023-09-24 16:57:19,653 [simulate_environment.py | 290] ERROR: Can not catch the 'SUCCESS' from the algorithm. 未寻获算法输出成功标识'SUCCESS'。
