2023-09-24 17:55:29,191 [main.py         | 51] INFO: Start to run instance_1
2023-09-24 17:55:29,192 [simulate_api.py | 60] INFO: Start time of the simulator: 2023-09-24 00:00:00, time interval:  600.00
2023-09-24 17:55:29,197 [input_utils.py  | 48] INFO: Get 154 factories
2023-09-24 17:55:29,691 [input_utils.py  | 52] INFO: Get 23562 routes
2023-09-24 17:55:29,702 [input_utils.py  | 57] INFO: Get 5 vehicles
2023-09-24 17:55:29,705 [input_utils.py  | 61] INFO: Get 50 orders
2023-09-24 17:55:29,705 [simulate_api.py | 87] INFO: Initial position of V_1 is e2d5093fbe36431f8986ddb0e1c586be
2023-09-24 17:55:29,705 [simulate_api.py | 87] INFO: Initial position of V_2 is 7fe14b93f0f04ee7a994ef5b2c1fdb72
2023-09-24 17:55:29,705 [simulate_api.py | 87] INFO: Initial position of V_3 is fa366fc87a124d32926daa5bb093129f
2023-09-24 17:55:29,705 [simulate_api.py | 87] INFO: Initial position of V_4 is e47399648fa842b2b8f80094343d8091
2023-09-24 17:55:29,705 [simulate_api.py | 87] INFO: Initial position of V_5 is becb4f85393540b287e7329758b8d832
2023-09-24 17:55:29,705 [simulate_environment.py | 101] INFO: **************************************************
2023-09-24 17:55:29,705 [simulate_environment.py | 105] INFO: cur time: 2023-09-24 00:10:00, pre time: 2023-09-24 00:00:00
2023-09-24 17:55:29,705 [simulate_environment.py | 187] INFO: Start to update the input of 2023-09-24 00:10:00
2023-09-24 17:55:29,706 [simulate_environment.py | 214] INFO: Get 1 unallocated order items, 0 ongoing order items, 0 completed order items
2023-09-24 17:55:30,003 [simulate_environment.py | 302] INFO: 2023-09-24 00:10:00, Item 0003480001-1: state = 1 < 2, we can not finish the simulation
2023-09-24 17:55:30,004 [simulate_environment.py | 101] INFO: **************************************************
2023-09-24 17:55:30,004 [simulate_environment.py | 105] INFO: cur time: 2023-09-24 00:20:00, pre time: 2023-09-24 00:10:00
2023-09-24 17:55:30,004 [simulate_environment.py | 187] INFO: Start to update the input of 2023-09-24 00:20:00
2023-09-24 17:55:30,005 [simulate_environment.py | 214] INFO: Get 3 unallocated order items, 0 ongoing order items, 0 completed order items
2023-09-24 17:55:30,318 [simulate_environment.py | 294] ERROR: 2023-09-24 17:55:30,240 [main_algorithm.py | 31] ERROR: Failed to run algorithm
2023-09-24 17:55:30,240 [main_algorithm.py | 32] ERROR: Error: 'NoneType' object has no attribute 'load_time', Traceback (most recent call last):
  File "/Users/wangqianlong/Desktop/personal/github/xingtian/simulator/dpdp_competition/main_algorithm.py", line 28, in <module>
    scheduling()
  File "/Users/wangqianlong/Desktop/personal/github/xingtian/simulator/dpdp_competition/algorithm/algorithm_demo.py", line 230, in scheduling
    id_to_factory, id_to_unallocated_order_item, id_to_ongoing_order_item, id_to_vehicle = __read_input_json()
  File "/Users/wangqianlong/Desktop/personal/github/xingtian/simulator/dpdp_competition/algorithm/algorithm_demo.py", line 260, in __read_input_json
    id_to_vehicle = get_vehicle_instance_dict(vehicle_infos, id_to_order_item, id_to_factory)
  File "/Users/wangqianlong/Desktop/personal/github/xingtian/simulator/dpdp_competition/src/utils/json_tools.py", line 183, in get_vehicle_instance_dict
    destination = __get_destination(destination, id_to_factory, id_to_order_item)
  File "/Users/wangqianlong/Desktop/personal/github/xingtian/simulator/dpdp_competition/src/utils/json_tools.py", line 211, in __get_destination
    return Node(factory_id, factory.lng, factory.lat, pickup_items, delivery_items, arr_time, leave_time)
  File "/Users/wangqianlong/Desktop/personal/github/xingtian/simulator/dpdp_competition/src/common/node.py", line 41, in __init__
    self.__loading_time = self.calculate_loading_time()
  File "/Users/wangqianlong/Desktop/personal/github/xingtian/simulator/dpdp_competition/src/common/node.py", line 59, in calculate_loading_time
    loading_time += item.load_time
AttributeError: 'NoneType' object has no attribute 'load_time'

FAIL

2023-09-24 17:55:30,318 [simulate_environment.py | 295] ERROR: Can not catch the 'SUCCESS' from the algorithm. 未寻获算法输出成功标识'SUCCESS'。
2023-09-24 17:55:30,319 [simulate_api.py | 60] INFO: Start time of the simulator: 2023-09-24 00:00:00, time interval:  600.00
2023-09-24 17:55:30,324 [input_utils.py  | 48] INFO: Get 154 factories
2023-09-24 17:55:30,790 [input_utils.py  | 52] INFO: Get 23562 routes
2023-09-24 17:55:30,801 [input_utils.py  | 57] INFO: Get 5 vehicles
2023-09-24 17:55:30,804 [input_utils.py  | 61] INFO: Get 50 orders
2023-09-24 17:55:30,804 [simulate_api.py | 87] INFO: Initial position of V_1 is e2d5093fbe36431f8986ddb0e1c586be
2023-09-24 17:55:30,804 [simulate_api.py | 87] INFO: Initial position of V_2 is 7fe14b93f0f04ee7a994ef5b2c1fdb72
2023-09-24 17:55:30,804 [simulate_api.py | 87] INFO: Initial position of V_3 is fa366fc87a124d32926daa5bb093129f
2023-09-24 17:55:30,804 [simulate_api.py | 87] INFO: Initial position of V_4 is e47399648fa842b2b8f80094343d8091
2023-09-24 17:55:30,804 [simulate_api.py | 87] INFO: Initial position of V_5 is becb4f85393540b287e7329758b8d832
2023-09-24 17:55:30,807 [simulate_environment.py | 101] INFO: **************************************************
2023-09-24 17:55:30,807 [simulate_environment.py | 105] INFO: cur time: 2023-09-24 00:10:00, pre time: 2023-09-24 00:00:00
2023-09-24 17:55:30,807 [simulate_environment.py | 187] INFO: Start to update the input of 2023-09-24 00:10:00
2023-09-24 17:55:30,808 [simulate_environment.py | 214] INFO: Get 1 unallocated order items, 0 ongoing order items, 0 completed order items
2023-09-24 17:55:31,094 [simulate_environment.py | 302] INFO: 2023-09-24 00:10:00, Item 0003480001-1: state = 1 < 2, we can not finish the simulation
2023-09-24 17:55:31,095 [simulate_environment.py | 101] INFO: **************************************************
2023-09-24 17:55:31,095 [simulate_environment.py | 105] INFO: cur time: 2023-09-24 00:20:00, pre time: 2023-09-24 00:10:00
2023-09-24 17:55:31,095 [simulate_environment.py | 187] INFO: Start to update the input of 2023-09-24 00:20:00
2023-09-24 17:55:31,095 [simulate_environment.py | 214] INFO: Get 3 unallocated order items, 0 ongoing order items, 0 completed order items
2023-09-24 17:55:31,389 [simulate_environment.py | 294] ERROR: 2023-09-24 17:55:31,314 [main_algorithm.py | 31] ERROR: Failed to run algorithm
2023-09-24 17:55:31,314 [main_algorithm.py | 32] ERROR: Error: 'NoneType' object has no attribute 'load_time', Traceback (most recent call last):
  File "/Users/wangqianlong/Desktop/personal/github/xingtian/simulator/dpdp_competition/main_algorithm.py", line 28, in <module>
    scheduling()
  File "/Users/wangqianlong/Desktop/personal/github/xingtian/simulator/dpdp_competition/algorithm/algorithm_demo.py", line 230, in scheduling
    id_to_factory, id_to_unallocated_order_item, id_to_ongoing_order_item, id_to_vehicle = __read_input_json()
  File "/Users/wangqianlong/Desktop/personal/github/xingtian/simulator/dpdp_competition/algorithm/algorithm_demo.py", line 260, in __read_input_json
    id_to_vehicle = get_vehicle_instance_dict(vehicle_infos, id_to_order_item, id_to_factory)
  File "/Users/wangqianlong/Desktop/personal/github/xingtian/simulator/dpdp_competition/src/utils/json_tools.py", line 183, in get_vehicle_instance_dict
    destination = __get_destination(destination, id_to_factory, id_to_order_item)
  File "/Users/wangqianlong/Desktop/personal/github/xingtian/simulator/dpdp_competition/src/utils/json_tools.py", line 211, in __get_destination
    return Node(factory_id, factory.lng, factory.lat, pickup_items, delivery_items, arr_time, leave_time)
  File "/Users/wangqianlong/Desktop/personal/github/xingtian/simulator/dpdp_competition/src/common/node.py", line 41, in __init__
    self.__loading_time = self.calculate_loading_time()
  File "/Users/wangqianlong/Desktop/personal/github/xingtian/simulator/dpdp_competition/src/common/node.py", line 59, in calculate_loading_time
    loading_time += item.load_time
AttributeError: 'NoneType' object has no attribute 'load_time'

FAIL

2023-09-24 17:55:31,390 [simulate_environment.py | 295] ERROR: Can not catch the 'SUCCESS' from the algorithm. 未寻获算法输出成功标识'SUCCESS'。
2023-09-24 17:55:31,390 [simulate_api.py | 60] INFO: Start time of the simulator: 2023-09-24 00:00:00, time interval:  600.00
2023-09-24 17:55:31,397 [input_utils.py  | 48] INFO: Get 154 factories
2023-09-24 17:55:31,910 [input_utils.py  | 52] INFO: Get 23562 routes
2023-09-24 17:55:31,922 [input_utils.py  | 57] INFO: Get 5 vehicles
2023-09-24 17:55:31,925 [input_utils.py  | 61] INFO: Get 50 orders
2023-09-24 17:55:31,925 [simulate_api.py | 87] INFO: Initial position of V_1 is e2d5093fbe36431f8986ddb0e1c586be
2023-09-24 17:55:31,925 [simulate_api.py | 87] INFO: Initial position of V_2 is 7fe14b93f0f04ee7a994ef5b2c1fdb72
2023-09-24 17:55:31,925 [simulate_api.py | 87] INFO: Initial position of V_3 is fa366fc87a124d32926daa5bb093129f
2023-09-24 17:55:31,925 [simulate_api.py | 87] INFO: Initial position of V_4 is e47399648fa842b2b8f80094343d8091
2023-09-24 17:55:31,925 [simulate_api.py | 87] INFO: Initial position of V_5 is becb4f85393540b287e7329758b8d832
2023-09-24 17:55:31,927 [simulate_environment.py | 101] INFO: **************************************************
2023-09-24 17:55:31,927 [simulate_environment.py | 105] INFO: cur time: 2023-09-24 00:10:00, pre time: 2023-09-24 00:00:00
2023-09-24 17:55:31,927 [simulate_environment.py | 187] INFO: Start to update the input of 2023-09-24 00:10:00
2023-09-24 17:55:31,928 [simulate_environment.py | 214] INFO: Get 1 unallocated order items, 0 ongoing order items, 0 completed order items
2023-09-24 17:55:32,222 [simulate_environment.py | 302] INFO: 2023-09-24 00:10:00, Item 0003480001-1: state = 1 < 2, we can not finish the simulation
2023-09-24 17:55:32,222 [simulate_environment.py | 101] INFO: **************************************************
2023-09-24 17:55:32,222 [simulate_environment.py | 105] INFO: cur time: 2023-09-24 00:20:00, pre time: 2023-09-24 00:10:00
2023-09-24 17:55:32,222 [simulate_environment.py | 187] INFO: Start to update the input of 2023-09-24 00:20:00
2023-09-24 17:55:32,223 [simulate_environment.py | 214] INFO: Get 3 unallocated order items, 0 ongoing order items, 0 completed order items
2023-09-24 17:55:32,531 [simulate_environment.py | 294] ERROR: 2023-09-24 17:55:32,465 [main_algorithm.py | 31] ERROR: Failed to run algorithm
2023-09-24 17:55:32,465 [main_algorithm.py | 32] ERROR: Error: 'NoneType' object has no attribute 'load_time', Traceback (most recent call last):
  File "/Users/wangqianlong/Desktop/personal/github/xingtian/simulator/dpdp_competition/main_algorithm.py", line 28, in <module>
    scheduling()
  File "/Users/wangqianlong/Desktop/personal/github/xingtian/simulator/dpdp_competition/algorithm/algorithm_demo.py", line 230, in scheduling
    id_to_factory, id_to_unallocated_order_item, id_to_ongoing_order_item, id_to_vehicle = __read_input_json()
  File "/Users/wangqianlong/Desktop/personal/github/xingtian/simulator/dpdp_competition/algorithm/algorithm_demo.py", line 260, in __read_input_json
    id_to_vehicle = get_vehicle_instance_dict(vehicle_infos, id_to_order_item, id_to_factory)
  File "/Users/wangqianlong/Desktop/personal/github/xingtian/simulator/dpdp_competition/src/utils/json_tools.py", line 183, in get_vehicle_instance_dict
    destination = __get_destination(destination, id_to_factory, id_to_order_item)
  File "/Users/wangqianlong/Desktop/personal/github/xingtian/simulator/dpdp_competition/src/utils/json_tools.py", line 211, in __get_destination
    return Node(factory_id, factory.lng, factory.lat, pickup_items, delivery_items, arr_time, leave_time)
  File "/Users/wangqianlong/Desktop/personal/github/xingtian/simulator/dpdp_competition/src/common/node.py", line 41, in __init__
    self.__loading_time = self.calculate_loading_time()
  File "/Users/wangqianlong/Desktop/personal/github/xingtian/simulator/dpdp_competition/src/common/node.py", line 59, in calculate_loading_time
    loading_time += item.load_time
AttributeError: 'NoneType' object has no attribute 'load_time'

FAIL

2023-09-24 17:55:32,531 [simulate_environment.py | 295] ERROR: Can not catch the 'SUCCESS' from the algorithm. 未寻获算法输出成功标识'SUCCESS'。
2023-09-24 17:55:32,532 [simulate_api.py | 60] INFO: Start time of the simulator: 2023-09-24 00:00:00, time interval:  600.00
2023-09-24 17:55:32,537 [input_utils.py  | 48] INFO: Get 154 factories
